Exporter version: 5.6.4, Blender version: 2.79 (sub 0)
========= Conversion from Blender to Babylon.js =========
	Scene settings used :
		export scope        :  ALL
		inline textures     :  false
		Positions Precision :  4
		Normals Precision   :  3
		UVs Precision       :  3
		Vert Color Precision:  3
		Mat Weight Precision:  2
		texture directory   :  D:\Creation\Gamedev\BabylonJS\FirstProject\assets\
	Python World class constructor completed
	processing begun of mesh:  Sky
		processing begun of Standard material:  Sky
		num positions      :  4
		num normals        :  4
		num uvs            :  8
		num uvs2           :  0
		num colors         :  0
		num indices        :  6
	processing begun of mesh:  Background2
		processing begun of Standard material:  Ground2
		num positions      :  54
		num normals        :  54
		num uvs            :  108
		num uvs2           :  0
		num colors         :  0
		num indices        :  96
	processing begun of mesh:  Background1
		processing begun of Standard material:  Ground1
		num positions      :  59
		num normals        :  59
		num uvs            :  118
		num uvs2           :  0
		num colors         :  0
		num indices        :  108
	processing begun of camera (UniversalCamera):  Camera
	processing begun of light (SUN):  Sun
========= Writing of scene file started =========
========= Writing of scene file completed =========
========= end of processing =========
elapsed time:  0 min, 0.011 secs
