Exporter version: 5.6.4, Blender version: 2.79 (sub 0)
========= Conversion from Blender to Babylon.js =========
	Scene settings used :
		export scope        :  ALL
		inline textures     :  false
		Positions Precision :  4
		Normals Precision   :  3
		UVs Precision       :  3
		Vert Color Precision:  3
		Mat Weight Precision:  2
		texture directory   :  D:\Creation\Gamedev\BabylonJS\FirstProject\assets\
	Python World class constructor completed
	processing begun of skeleton:  PrabbitArmature, id:  0
		processing begun of bone:  Hips, index:  0
		processing begun of bone:  Spine, index:  1
		processing begun of bone:  Chest, index:  2
		processing begun of bone:  UpperArmLeft, index:  3
		processing begun of bone:  LowerArmLeft, index:  4
		processing begun of bone:  Head, index:  5
		processing begun of bone:  headLeft, index:  6
		processing begun of bone:  headLeft.001, index:  7
		processing begun of bone:  headLeft.002, index:  8
		processing begun of bone:  headRight, index:  9
		processing begun of bone:  headRight.001, index:  10
		processing begun of bone:  headRight.002, index:  11
		processing begun of bone:  UpperArmRight, index:  12
		processing begun of bone:  LowerArmRight, index:  13
		processing begun of bone:  UpperLegLeft, index:  14
		processing begun of bone:  LowerLegLeft, index:  15
		processing begun of bone:  FootLeft, index:  16
		processing begun of bone:  UpperLegRight, index:  17
		processing begun of bone:  LowerLegRight, index:  18
		processing begun of bone:  FootRight, index:  19
	processing begun of camera (UniversalCamera):  Camera
	processing begun of mesh:  Prabbit
		processing begun of Standard material:  Prabbit
			Diffuse texture found "Texture.001"
				Image texture found, type:  diffuseTexture, mapped using: "UVMap"
	WARNING: Error encountered processing image file:  , Error:  'D:\\Creation\\Gamedev\\BabylonJS\\FirstProject\\assets\\texture_body.png' and 'D:\\Creation\\Gamedev\\BabylonJS\\FirstProject\\assets\\texture_body.png' are the same file
		num positions      :  938
		num normals        :  938
		num uvs            :  1876
		num uvs2           :  0
		num colors         :  0
		num indices        :  3228
		Skeleton stats:  
			WARNING: Maximum # of influencers exceeded for 1 vertices, extras ignored
			Total Influencers:  3730
			Avg # of influencers per vertex:  3.9765
			Highest # of influencers observed:  9, num vertices with this:  1
			exported as 8 influencers
			num skeletonWeights and skeletonIndices:  7504
	processing begun of mesh:  eye.L
		processing begun of Standard material:  eye.L
			Diffuse texture found "Texture"
				Image texture found, type:  diffuseTexture, mapped using: "UVMap"
	WARNING: Error encountered processing image file:  , Error:  'D:\\Creation\\Gamedev\\BabylonJS\\FirstProject\\assets\\eye.L.lightmap@x4.png' and 'D:\\Creation\\Gamedev\\BabylonJS\\FirstProject\\assets\\eye.L.lightmap@x4.png' are the same file
			Opacity texture found "Texture"
				Image texture found, type:  opacityTexture, mapped using: "UVMap"
	WARNING: Error encountered processing image file:  , Error:  'D:\\Creation\\Gamedev\\BabylonJS\\FirstProject\\assets\\eye.L.lightmap@x4.png' and 'D:\\Creation\\Gamedev\\BabylonJS\\FirstProject\\assets\\eye.L.lightmap@x4.png' are the same file
		num positions      :  4
		num normals        :  4
		num uvs            :  8
		num uvs2           :  0
		num colors         :  0
		num indices        :  6
	processing begun of mesh:  eye.R
		registered as also a user of material:  eye.L
		num positions      :  4
		num normals        :  4
		num uvs            :  8
		num uvs2           :  0
		num colors         :  0
		num indices        :  6
	processing begun of mesh:  Plane
		processing begun of baked material:  Plane
			Internal baking texture, type: TEXTURE, mapped using: UVMap
		num positions      :  3745
		num normals        :  3745
		num uvs            :  7490
		num uvs2           :  0
		num colors         :  0
		num indices        :  9828
	processing begun of light (SUN):  Lamp2
	processing begun of light (SUN):  Lamp1
========= Writing of scene file started =========
========= Writing of scene file completed =========
========= end of processing =========
elapsed time:  0 min, 0.8109 secs
